<?xml version="1.0" encoding="UTF-8"?>
<!-- Generated by org.testng.reporters.JUnitXMLReporter -->
<testsuite ignored="0" hostname="LAPTOP-H4MNKU5B" failures="1" tests="1" name="Default test" time="60.95" errors="0" timestamp="2022-06-02T22:02:19 IST">
  <testcase classname="com.Dream11.myProject.kabaddi_Script" name="kabadddiPage" time="42.897">
    <failure type="org.openqa.selenium.InvalidSelectorException" message="org.eclipse.wst.xml.xpath2.processor.XPathParserException: JFlex lexer error: Unknown character at line 1 col 55: &amp;quot; (WARNING: The server did not provide any stacktrace information)
Command duration or timeout: 1.22 seconds
For documentation on this error, please visit: http://seleniumhq.org/exceptions/invalid_selector_exception.html
Build info: version: &amp;apos;2.53.1&amp;apos;, revision: &amp;apos;a36b8b1cd5757287168e54b817830adce9b0158d&amp;apos;, time: &amp;apos;2016-06-30 19:26:09&amp;apos;
System info: host: &amp;apos;LAPTOP-H4MNKU5B&amp;apos;, ip: &amp;apos;127.0.0.1&amp;apos;, os.name: &amp;apos;Windows 10&amp;apos;, os.arch: &amp;apos;amd64&amp;apos;, os.version: &amp;apos;10.0&amp;apos;, java.version: &amp;apos;13.0.1&amp;apos;
Driver info: io.appium.java_client.android.AndroidDriver
Capabilities [{appPackage=com.app.dream11Pro, statBarHeight=84, viewportRect={top=84, left=0, width=1440, height=2476}, deviceName=NB1GAD1792505579, platform=LINUX, deviceUDID=NB1GAD1792505579, desired={appPackage=com.app.dream11Pro, appActivity=com.app.dream11.dream11.SplashActivity, platformVersion=9, autoGrantPermissions=true, udid=NB1GAD1792505579, platformName=Android, deviceName=Nokia8}, platformVersion=9, webStorageEnabled=false, takesScreenshot=true, javascriptEnabled=true, udid=NB1GAD1792505579, platformName=Android, deviceApiLevel=28, deviceManufacturer=HMD Global, deviceScreenSize=1440x2560, networkConnectionEnabled=true, warnings={}, databaseEnabled=false, appActivity=com.app.dream11.dream11.SplashActivity, pixelRatio=3.5, locationContextEnabled=false, autoGrantPermissions=true, deviceScreenDensity=560, deviceModel=TA-1004}]
Session ID: 7757e8ea-e848-4231-a8b8-7357fab76360
*** Element info: {Using=xpath, value=//android.widget.TextView[@text=&amp;apos;Yuva Kabaddi Series&amp;apos;]&amp;quot;}">
      <![CDATA[org.openqa.selenium.InvalidSelectorException: org.eclipse.wst.xml.xpath2.processor.XPathParserException: JFlex lexer error: Unknown character at line 1 col 55: " (WARNING: The server did not provide any stacktrace information)
Command duration or timeout: 1.22 seconds
For documentation on this error, please visit: http://seleniumhq.org/exceptions/invalid_selector_exception.html
Build info: version: '2.53.1', revision: 'a36b8b1cd5757287168e54b817830adce9b0158d', time: '2016-06-30 19:26:09'
System info: host: 'LAPTOP-H4MNKU5B', ip: '127.0.0.1', os.name: 'Windows 10', os.arch: 'amd64', os.version: '10.0', java.version: '13.0.1'
Driver info: io.appium.java_client.android.AndroidDriver
Capabilities [{appPackage=com.app.dream11Pro, statBarHeight=84, viewportRect={top=84, left=0, width=1440, height=2476}, deviceName=NB1GAD1792505579, platform=LINUX, deviceUDID=NB1GAD1792505579, desired={appPackage=com.app.dream11Pro, appActivity=com.app.dream11.dream11.SplashActivity, platformVersion=9, autoGrantPermissions=true, udid=NB1GAD1792505579, platformName=Android, deviceName=Nokia8}, platformVersion=9, webStorageEnabled=false, takesScreenshot=true, javascriptEnabled=true, udid=NB1GAD1792505579, platformName=Android, deviceApiLevel=28, deviceManufacturer=HMD Global, deviceScreenSize=1440x2560, networkConnectionEnabled=true, warnings={}, databaseEnabled=false, appActivity=com.app.dream11.dream11.SplashActivity, pixelRatio=3.5, locationContextEnabled=false, autoGrantPermissions=true, deviceScreenDensity=560, deviceModel=TA-1004}]
Session ID: 7757e8ea-e848-4231-a8b8-7357fab76360
*** Element info: {Using=xpath, value=//android.widget.TextView[@text='Yuva Kabaddi Series']"}
at java.base/jdk.internal.reflect.NativeConstructorAccessorImpl.newInstance0(Native Method)
at java.base/jdk.internal.reflect.NativeConstructorAccessorImpl.newInstance(NativeConstructorAccessorImpl.java:62)
at java.base/jdk.internal.reflect.DelegatingConstructorAccessorImpl.newInstance(DelegatingConstructorAccessorImpl.java:45)
at java.base/java.lang.reflect.Constructor.newInstanceWithCaller(Constructor.java:500)
at java.base/java.lang.reflect.Constructor.newInstance(Constructor.java:481)
at org.openqa.selenium.remote.ErrorHandler.createThrowable(ErrorHandler.java:206)
at org.openqa.selenium.remote.ErrorHandler.throwIfResponseFailed(ErrorHandler.java:158)
at org.openqa.selenium.remote.RemoteWebDriver.execute(RemoteWebDriver.java:678)
at io.appium.java_client.DefaultGenericMobileDriver.execute(DefaultGenericMobileDriver.java:40)
at io.appium.java_client.AppiumDriver.execute(AppiumDriver.java:1)
at io.appium.java_client.android.AndroidDriver.execute(AndroidDriver.java:1)
at org.openqa.selenium.remote.RemoteWebDriver.findElement(RemoteWebDriver.java:363)
at io.appium.java_client.DefaultGenericMobileDriver.findElement(DefaultGenericMobileDriver.java:56)
at io.appium.java_client.AppiumDriver.findElement(AppiumDriver.java:1)
at io.appium.java_client.android.AndroidDriver.findElement(AndroidDriver.java:1)
at org.openqa.selenium.remote.RemoteWebDriver.findElementByXPath(RemoteWebDriver.java:500)
at io.appium.java_client.DefaultGenericMobileDriver.findElementByXPath(DefaultGenericMobileDriver.java:134)
at io.appium.java_client.AppiumDriver.findElementByXPath(AppiumDriver.java:1)
at io.appium.java_client.android.AndroidDriver.findElementByXPath(AndroidDriver.java:1)
at org.openqa.selenium.By$ByXPath.findElement(By.java:361)
at org.openqa.selenium.remote.RemoteWebDriver.findElement(RemoteWebDriver.java:355)
at io.appium.java_client.DefaultGenericMobileDriver.findElement(DefaultGenericMobileDriver.java:52)
at io.appium.java_client.AppiumDriver.findElement(AppiumDriver.java:1)
at io.appium.java_client.android.AndroidDriver.findElement(AndroidDriver.java:1)
at com.Dream11.myProject.kabaddi_Script.kabadddiPage(kabaddi_Script.java:40)
at java.base/jdk.internal.reflect.NativeMethodAccessorImpl.invoke0(Native Method)
at java.base/jdk.internal.reflect.NativeMethodAccessorImpl.invoke(NativeMethodAccessorImpl.java:62)
at java.base/jdk.internal.reflect.DelegatingMethodAccessorImpl.invoke(DelegatingMethodAccessorImpl.java:43)
at java.base/java.lang.reflect.Method.invoke(Method.java:567)
at org.testng.internal.MethodInvocationHelper.invokeMethod(MethodInvocationHelper.java:133)
at org.testng.internal.TestInvoker.invokeMethod(TestInvoker.java:598)
at org.testng.internal.TestInvoker.invokeTestMethod(TestInvoker.java:173)
at org.testng.internal.MethodRunner.runInSequence(MethodRunner.java:46)
at org.testng.internal.TestInvoker$MethodInvocationAgent.invoke(TestInvoker.java:824)
at org.testng.internal.TestInvoker.invokeTestMethods(TestInvoker.java:146)
at org.testng.internal.TestMethodWorker.invokeTestMethods(TestMethodWorker.java:146)
at org.testng.internal.TestMethodWorker.run(TestMethodWorker.java:128)
at java.base/java.util.ArrayList.forEach(ArrayList.java:1507)
at org.testng.TestRunner.privateRun(TestRunner.java:794)
at org.testng.TestRunner.run(TestRunner.java:596)
at org.testng.SuiteRunner.runTest(SuiteRunner.java:377)
at org.testng.SuiteRunner.runSequentially(SuiteRunner.java:371)
at org.testng.SuiteRunner.privateRun(SuiteRunner.java:332)
at org.testng.SuiteRunner.run(SuiteRunner.java:276)
at org.testng.SuiteRunnerWorker.runSuite(SuiteRunnerWorker.java:53)
at org.testng.SuiteRunnerWorker.run(SuiteRunnerWorker.java:96)
at org.testng.TestNG.runSuitesSequentially(TestNG.java:1212)
at org.testng.TestNG.runSuitesLocally(TestNG.java:1134)
at org.testng.TestNG.runSuites(TestNG.java:1063)
at org.testng.TestNG.run(TestNG.java:1031)
at org.testng.remote.AbstractRemoteTestNG.run(AbstractRemoteTestNG.java:115)
at org.testng.remote.RemoteTestNG.initAndRun(RemoteTestNG.java:251)
at org.testng.remote.RemoteTestNG.main(RemoteTestNG.java:77)
]]>
    </failure>
  </testcase> <!-- kabadddiPage -->
</testsuite> <!-- Default test -->
